<?xml version="1.0" encoding="UTF-8"?>
<!-- Generated by org.testng.reporters.JUnitXMLReporter -->
<testsuite hostname="LAPTOP-8RQVFFOA" ignored="0" name="Test" tests="2" failures="2" timestamp="2021-03-02T18:30:48 IST" time="127.741" errors="0">
  <testcase name="testOne" time="44.09" classname="testcase.ShopifyStartFreeTrialTest">
    <failure type="java.lang.AssertionError" message="Please enter a store name">
      <![CDATA[java.lang.AssertionError: Please enter a store name
at tekstack.StoreNameMandatoryCheck.base.BaseUI.reportFail(BaseUI.java:162)
at tekstack.StoreNameMandatoryCheck.base.BaseUI.findError(BaseUI.java:203)
at testcase.ShopifyStartFreeTrialTest.testOne(ShopifyStartFreeTrialTest.java:20)
at java.util.ArrayList.forEach(Unknown Source)
... Removed 28 stack frames]]>
    </failure>
  </testcase> <!-- testOne -->
  <testcase name="testTwo" time="12.003" classname="testcase.ShopifyStartFreeTrialTest">
    <failure type="java.lang.AssertionError" message="Please enter a store name">
      <![CDATA[java.lang.AssertionError: Please enter a store name
at tekstack.StoreNameMandatoryCheck.base.BaseUI.reportFail(BaseUI.java:162)
at tekstack.StoreNameMandatoryCheck.base.BaseUI.findError(BaseUI.java:203)
at testcase.ShopifyStartFreeTrialTest.testTwo(ShopifyStartFreeTrialTest.java:34)
at java.util.ArrayList.forEach(Unknown Source)
... Removed 28 stack frames]]>
    </failure>
  </testcase> <!-- testTwo -->
</testsuite> <!-- Test -->
