<?xml version="1.0" encoding="UTF-8"?>
<!-- Generated by org.testng.reporters.JUnitXMLReporter -->
<testsuite hostname="LAPTOP-8RQVFFOA" ignored="0" name="Name Mandatory Check" tests="2" failures="2" timestamp="2021-03-02T11:49:50 IST" time="55.349" errors="0">
  <testcase name="testOne" time="10.944" classname="tekstack.StoreNameMandatoryCheck.shopifyTest.startFreeTrial">
    <failure type="java.lang.AssertionError" message="Please enter a password">
      <![CDATA[java.lang.AssertionError: Please enter a password
at tekstack.StoreNameMandatoryCheck.base.BaseUI.reportFail(BaseUI.java:195)
at tekstack.StoreNameMandatoryCheck.base.BaseUI.findError(BaseUI.java:236)
at tekstack.StoreNameMandatoryCheck.shopifyTest.startFreeTrial.testOne(startFreeTrial.java:20)
at java.util.ArrayList.forEach(Unknown Source)
... Removed 28 stack frames]]>
    </failure>
  </testcase> <!-- testOne -->
  <testcase name="testTwo" time="39.937" classname="tekstack.StoreNameMandatoryCheck.shopifyTest.startFreeTrial">
    <failure type="java.lang.AssertionError" message="Please enter a store name">
      <![CDATA[java.lang.AssertionError: Please enter a store name
at tekstack.StoreNameMandatoryCheck.base.BaseUI.reportFail(BaseUI.java:195)
at tekstack.StoreNameMandatoryCheck.base.BaseUI.findError(BaseUI.java:236)
at tekstack.StoreNameMandatoryCheck.shopifyTest.startFreeTrial.testTwo(startFreeTrial.java:34)
at java.util.ArrayList.forEach(Unknown Source)
... Removed 28 stack frames]]>
    </failure>
  </testcase> <!-- testTwo -->
</testsuite> <!-- Name Mandatory Check -->
